[ 2015-12-30T13:02:24+08:00 ] 59.108.54.193 /lyc/think_sys/
INFO: [ app_begin ] --START--
INFO: Run ReadHtmlCache Behavior [ RunTime:0.008046s ]
INFO: [ app_begin ] --END-- [ RunTime:0.008219s ]
NOTIC: [8192] mysql_connect(): The mysql extension is deprecated and will be removed in the future: use mysqli or PDO instead /data/home/qxu1680170013/htdocs/lyc/think_sys/ThinkPHP/Lib/Driver/Db/DbMysql.class.php 第 55 行.
SQL: SHOW COLUMNS FROM `tp_user` [ RunTime:0.001708s ]
SQL: SHOW COLUMNS FROM `tp_message` [ RunTime:0.001245s ]
NOTIC: [8192] preg_replace(): The /e modifier is deprecated, use preg_replace_callback instead /data/home/qxu1680170013/htdocs/lyc/think_sys/ThinkPHP/Lib/Core/Db.class.php 第 568 行.
SQL: SELECT * FROM `tp_message`  [ RunTime:0.001135s ]
NOTIC: [8192] preg_replace(): The /e modifier is deprecated, use preg_replace_callback instead /data/home/qxu1680170013/htdocs/lyc/think_sys/ThinkPHP/Lib/Core/Db.class.php 第 568 行.
SQL: SELECT `r_Name` FROM `tp_user` WHERE ( `r_Tel` = '13241763720' ) LIMIT 1   [ RunTime:0.000992s ]
NOTIC: [8192] preg_replace(): The /e modifier is deprecated, use preg_replace_callback instead /data/home/qxu1680170013/htdocs/lyc/think_sys/ThinkPHP/Lib/Core/Db.class.php 第 568 行.
SQL: SELECT `r_Name` FROM `tp_user` WHERE ( `r_Tel` = '13241763720' ) LIMIT 1   [ RunTime:0.000789s ]
NOTIC: [8192] preg_replace(): The /e modifier is deprecated, use preg_replace_callback instead /data/home/qxu1680170013/htdocs/lyc/think_sys/ThinkPHP/Lib/Core/Db.class.php 第 568 行.
SQL: SELECT `r_Name` FROM `tp_user` WHERE ( `r_Tel` = '13588888888' ) LIMIT 1   [ RunTime:0.000854s ]
NOTIC: [8192] preg_replace(): The /e modifier is deprecated, use preg_replace_callback instead /data/home/qxu1680170013/htdocs/lyc/think_sys/ThinkPHP/Lib/Core/Db.class.php 第 568 行.
SQL: SELECT `r_Name` FROM `tp_user` WHERE ( `r_Tel` = '13211111111' ) LIMIT 1   [ RunTime:0.000926s ]
NOTIC: [8192] preg_replace(): The /e modifier is deprecated, use preg_replace_callback instead /data/home/qxu1680170013/htdocs/lyc/think_sys/ThinkPHP/Lib/Core/Db.class.php 第 568 行.
SQL: SELECT `r_Name` FROM `tp_user` WHERE ( `r_Tel` = '13241763720' ) LIMIT 1   [ RunTime:0.000785s ]
NOTIC: [8192] preg_replace(): The /e modifier is deprecated, use preg_replace_callback instead /data/home/qxu1680170013/htdocs/lyc/think_sys/ThinkPHP/Lib/Core/Db.class.php 第 568 行.
SQL: SELECT `r_Name` FROM `tp_user` WHERE ( `r_Tel` = '15901256925' ) LIMIT 1   [ RunTime:0.000890s ]
NOTIC: [8192] preg_replace(): The /e modifier is deprecated, use preg_replace_callback instead /data/home/qxu1680170013/htdocs/lyc/think_sys/ThinkPHP/Lib/Core/Db.class.php 第 568 行.
SQL: SELECT `r_Name` FROM `tp_user` WHERE ( `r_Tel` = '13241763720' ) LIMIT 1   [ RunTime:0.000775s ]
NOTIC: [8192] preg_replace(): The /e modifier is deprecated, use preg_replace_callback instead /data/home/qxu1680170013/htdocs/lyc/think_sys/ThinkPHP/Lib/Core/Db.class.php 第 568 行.
SQL: SELECT `r_Name` FROM `tp_user` WHERE ( `r_Tel` = '13241763720' ) LIMIT 1   [ RunTime:0.000790s ]
NOTIC: [8192] preg_replace(): The /e modifier is deprecated, use preg_replace_callback instead /data/home/qxu1680170013/htdocs/lyc/think_sys/ThinkPHP/Lib/Core/Db.class.php 第 568 行.
SQL: SELECT `r_Name` FROM `tp_user` WHERE ( `r_Tel` = '18211160504' ) LIMIT 1   [ RunTime:0.000854s ]
INFO: [ view_template ] --START--
INFO: Run LocationTemplate Behavior [ RunTime:0.002136s ]
INFO: [ view_template ] --END-- [ RunTime:0.002193s ]
INFO: [ view_parse ] --START--
NOTIC: [8192] preg_replace(): The /e modifier is deprecated, use preg_replace_callback instead /data/home/qxu1680170013/htdocs/lyc/think_sys/ThinkPHP/Lib/Template/ThinkTemplate.class.php 第 273 行.
NOTIC: [8192] preg_replace(): The /e modifier is deprecated, use preg_replace_callback instead /data/home/qxu1680170013/htdocs/lyc/think_sys/ThinkPHP/Lib/Template/ThinkTemplate.class.php 第 168 行.
NOTIC: [8192] preg_replace(): The /e modifier is deprecated, use preg_replace_callback instead /data/home/qxu1680170013/htdocs/lyc/think_sys/ThinkPHP/Lib/Template/ThinkTemplate.class.php 第 404 行.
NOTIC: [8192] preg_replace(): The /e modifier is deprecated, use preg_replace_callback instead /data/home/qxu1680170013/htdocs/lyc/think_sys/ThinkPHP/Lib/Template/ThinkTemplate.class.php 第 404 行.
NOTIC: [8192] preg_replace(): The /e modifier is deprecated, use preg_replace_callback instead /data/home/qxu1680170013/htdocs/lyc/think_sys/ThinkPHP/Lib/Template/ThinkTemplate.class.php 第 404 行.
NOTIC: [8192] preg_replace(): The /e modifier is deprecated, use preg_replace_callback instead /data/home/qxu1680170013/htdocs/lyc/think_sys/ThinkPHP/Lib/Template/ThinkTemplate.class.php 第 404 行.
NOTIC: [8192] preg_replace(): The /e modifier is deprecated, use preg_replace_callback instead /data/home/qxu1680170013/htdocs/lyc/think_sys/ThinkPHP/Lib/Template/ThinkTemplate.class.php 第 404 行.
NOTIC: [8192] preg_replace(): The /e modifier is deprecated, use preg_replace_callback instead /data/home/qxu1680170013/htdocs/lyc/think_sys/ThinkPHP/Lib/Template/ThinkTemplate.class.php 第 273 行.
NOTIC: [8192] preg_replace(): The /e modifier is deprecated, use preg_replace_callback instead /data/home/qxu1680170013/htdocs/lyc/think_sys/ThinkPHP/Lib/Template/ThinkTemplate.class.php 第 168 行.
NOTIC: [8192] preg_replace(): The /e modifier is deprecated, use preg_replace_callback instead /data/home/qxu1680170013/htdocs/lyc/think_sys/ThinkPHP/Lib/Template/ThinkTemplate.class.php 第 404 行.
NOTIC: [8192] preg_replace(): The /e modifier is deprecated, use preg_replace_callback instead /data/home/qxu1680170013/htdocs/lyc/think_sys/ThinkPHP/Lib/Template/ThinkTemplate.class.php 第 404 行.
NOTIC: [8192] preg_replace(): The /e modifier is deprecated, use preg_replace_callback instead /data/home/qxu1680170013/htdocs/lyc/think_sys/ThinkPHP/Lib/Template/ThinkTemplate.class.php 第 404 行.
NOTIC: [8192] preg_replace(): The /e modifier is deprecated, use preg_replace_callback instead /data/home/qxu1680170013/htdocs/lyc/think_sys/ThinkPHP/Lib/Template/ThinkTemplate.class.php 第 404 行.
NOTIC: [8192] preg_replace(): The /e modifier is deprecated, use preg_replace_callback instead /data/home/qxu1680170013/htdocs/lyc/think_sys/ThinkPHP/Lib/Template/ThinkTemplate.class.php 第 404 行.
NOTIC: [8192] preg_replace(): The /e modifier is deprecated, use preg_replace_callback instead /data/home/qxu1680170013/htdocs/lyc/think_sys/ThinkPHP/Lib/Template/ThinkTemplate.class.php 第 404 行.
NOTIC: [8192] preg_replace(): The /e modifier is deprecated, use preg_replace_callback instead /data/home/qxu1680170013/htdocs/lyc/think_sys/ThinkPHP/Lib/Template/ThinkTemplate.class.php 第 404 行.
NOTIC: [8192] preg_replace(): The /e modifier is deprecated, use preg_replace_callback instead /data/home/qxu1680170013/htdocs/lyc/think_sys/ThinkPHP/Lib/Template/ThinkTemplate.class.php 第 404 行.
NOTIC: [8192] preg_replace(): The /e modifier is deprecated, use preg_replace_callback instead /data/home/qxu1680170013/htdocs/lyc/think_sys/ThinkPHP/Lib/Template/ThinkTemplate.class.php 第 404 行.
NOTIC: [8192] preg_replace(): The /e modifier is deprecated, use preg_replace_callback instead /data/home/qxu1680170013/htdocs/lyc/think_sys/ThinkPHP/Lib/Template/ThinkTemplate.class.php 第 404 行.
NOTIC: [8192] preg_replace(): The /e modifier is deprecated, use preg_replace_callback instead /data/home/qxu1680170013/htdocs/lyc/think_sys/ThinkPHP/Lib/Template/ThinkTemplate.class.php 第 404 行.
NOTIC: [8192] preg_replace(): The /e modifier is deprecated, use preg_replace_callback instead /data/home/qxu1680170013/htdocs/lyc/think_sys/ThinkPHP/Lib/Template/ThinkTemplate.class.php 第 404 行.
NOTIC: [8192] preg_replace(): The /e modifier is deprecated, use preg_replace_callback instead /data/home/qxu1680170013/htdocs/lyc/think_sys/ThinkPHP/Lib/Template/ThinkTemplate.class.php 第 399 行.
NOTIC: [8192] preg_replace(): The /e modifier is deprecated, use preg_replace_callback instead /data/home/qxu1680170013/htdocs/lyc/think_sys/ThinkPHP/Lib/Template/ThinkTemplate.class.php 第 399 行.
NOTIC: [8192] preg_replace(): The /e modifier is deprecated, use preg_replace_callback instead /data/home/qxu1680170013/htdocs/lyc/think_sys/ThinkPHP/Lib/Template/ThinkTemplate.class.php 第 404 行.
NOTIC: [8192] preg_replace(): The /e modifier is deprecated, use preg_replace_callback instead /data/home/qxu1680170013/htdocs/lyc/think_sys/ThinkPHP/Lib/Template/ThinkTemplate.class.php 第 404 行.
NOTIC: [8192] preg_replace(): The /e modifier is deprecated, use preg_replace_callback instead /data/home/qxu1680170013/htdocs/lyc/think_sys/ThinkPHP/Lib/Template/ThinkTemplate.class.php 第 404 行.
NOTIC: [8192] preg_replace(): The /e modifier is deprecated, use preg_replace_callback instead /data/home/qxu1680170013/htdocs/lyc/think_sys/ThinkPHP/Lib/Template/ThinkTemplate.class.php 第 399 行.
NOTIC: [8192] preg_replace(): The /e modifier is deprecated, use preg_replace_callback instead /data/home/qxu1680170013/htdocs/lyc/think_sys/ThinkPHP/Lib/Template/ThinkTemplate.class.php 第 404 行.
NOTIC: [8192] preg_replace(): The /e modifier is deprecated, use preg_replace_callback instead /data/home/qxu1680170013/htdocs/lyc/think_sys/ThinkPHP/Lib/Template/ThinkTemplate.class.php 第 404 行.
NOTIC: [8192] preg_replace(): The /e modifier is deprecated, use preg_replace_callback instead /data/home/qxu1680170013/htdocs/lyc/think_sys/ThinkPHP/Lib/Template/ThinkTemplate.class.php 第 404 行.
NOTIC: [8192] preg_replace(): The /e modifier is deprecated, use preg_replace_callback instead /data/home/qxu1680170013/htdocs/lyc/think_sys/ThinkPHP/Lib/Template/ThinkTemplate.class.php 第 404 行.
NOTIC: [8192] preg_replace(): The /e modifier is deprecated, use preg_replace_callback instead /data/home/qxu1680170013/htdocs/lyc/think_sys/ThinkPHP/Lib/Template/ThinkTemplate.class.php 第 404 行.
NOTIC: [8192] preg_replace(): The /e modifier is deprecated, use preg_replace_callback instead /data/home/qxu1680170013/htdocs/lyc/think_sys/ThinkPHP/Lib/Template/ThinkTemplate.class.php 第 404 行.
NOTIC: [8192] preg_replace(): The /e modifier is deprecated, use preg_replace_callback instead /data/home/qxu1680170013/htdocs/lyc/think_sys/ThinkPHP/Lib/Template/ThinkTemplate.class.php 第 404 行.
NOTIC: [8192] preg_replace(): The /e modifier is deprecated, use preg_replace_callback instead /data/home/qxu1680170013/htdocs/lyc/think_sys/ThinkPHP/Lib/Template/ThinkTemplate.class.php 第 404 行.
NOTIC: [8192] preg_replace(): The /e modifier is deprecated, use preg_replace_callback instead /data/home/qxu1680170013/htdocs/lyc/think_sys/ThinkPHP/Lib/Template/ThinkTemplate.class.php 第 404 行.
NOTIC: [8192] preg_replace(): The /e modifier is deprecated, use preg_replace_callback instead /data/home/qxu1680170013/htdocs/lyc/think_sys/ThinkPHP/Lib/Template/ThinkTemplate.class.php 第 404 行.
NOTIC: [8192] preg_replace(): The /e modifier is deprecated, use preg_replace_callback instead /data/home/qxu1680170013/htdocs/lyc/think_sys/ThinkPHP/Lib/Template/ThinkTemplate.class.php 第 404 行.
NOTIC: [8192] preg_replace(): The /e modifier is deprecated, use preg_replace_callback instead /data/home/qxu1680170013/htdocs/lyc/think_sys/ThinkPHP/Lib/Template/ThinkTemplate.class.php 第 404 行.
NOTIC: [8192] preg_replace(): The /e modifier is deprecated, use preg_replace_callback instead /data/home/qxu1680170013/htdocs/lyc/think_sys/ThinkPHP/Lib/Template/ThinkTemplate.class.php 第 404 行.
NOTIC: [8192] preg_replace(): The /e modifier is deprecated, use preg_replace_callback instead /data/home/qxu1680170013/htdocs/lyc/think_sys/ThinkPHP/Lib/Template/ThinkTemplate.class.php 第 404 行.
NOTIC: [8192] preg_replace(): The /e modifier is deprecated, use preg_replace_callback instead /data/home/qxu1680170013/htdocs/lyc/think_sys/ThinkPHP/Lib/Template/ThinkTemplate.class.php 第 404 行.
NOTIC: [8192] preg_replace(): The /e modifier is deprecated, use preg_replace_callback instead /data/home/qxu1680170013/htdocs/lyc/think_sys/ThinkPHP/Lib/Template/ThinkTemplate.class.php 第 404 行.
NOTIC: [8192] preg_replace(): The /e modifier is deprecated, use preg_replace_callback instead /data/home/qxu1680170013/htdocs/lyc/think_sys/ThinkPHP/Lib/Template/ThinkTemplate.class.php 第 404 行.
NOTIC: [8192] preg_replace(): The /e modifier is deprecated, use preg_replace_callback instead /data/home/qxu1680170013/htdocs/lyc/think_sys/ThinkPHP/Lib/Template/ThinkTemplate.class.php 第 404 行.
NOTIC: [8192] preg_replace(): The /e modifier is deprecated, use preg_replace_callback instead /data/home/qxu1680170013/htdocs/lyc/think_sys/ThinkPHP/Lib/Template/ThinkTemplate.class.php 第 404 行.
NOTIC: [8192] preg_replace(): The /e modifier is deprecated, use preg_replace_callback instead /data/home/qxu1680170013/htdocs/lyc/think_sys/ThinkPHP/Lib/Template/ThinkTemplate.class.php 第 404 行.
NOTIC: [8192] preg_replace(): The /e modifier is deprecated, use preg_replace_callback instead /data/home/qxu1680170013/htdocs/lyc/think_sys/ThinkPHP/Lib/Template/ThinkTemplate.class.php 第 404 行.
NOTIC: [8192] preg_replace(): The /e modifier is deprecated, use preg_replace_callback instead /data/home/qxu1680170013/htdocs/lyc/think_sys/ThinkPHP/Lib/Template/ThinkTemplate.class.php 第 404 行.
NOTIC: [8192] preg_replace(): The /e modifier is deprecated, use preg_replace_callback instead /data/home/qxu1680170013/htdocs/lyc/think_sys/ThinkPHP/Lib/Template/ThinkTemplate.class.php 第 404 行.
NOTIC: [8192] preg_replace(): The /e modifier is deprecated, use preg_replace_callback instead /data/home/qxu1680170013/htdocs/lyc/think_sys/ThinkPHP/Lib/Template/ThinkTemplate.class.php 第 404 行.
NOTIC: [8192] preg_replace(): The /e modifier is deprecated, use preg_replace_callback instead /data/home/qxu1680170013/htdocs/lyc/think_sys/ThinkPHP/Lib/Template/ThinkTemplate.class.php 第 404 行.
NOTIC: [8192] preg_replace(): The /e modifier is deprecated, use preg_replace_callback instead /data/home/qxu1680170013/htdocs/lyc/think_sys/ThinkPHP/Lib/Template/ThinkTemplate.class.php 第 404 行.
NOTIC: [8192] preg_replace(): The /e modifier is deprecated, use preg_replace_callback instead /data/home/qxu1680170013/htdocs/lyc/think_sys/ThinkPHP/Lib/Template/ThinkTemplate.class.php 第 404 行.
NOTIC: [8192] preg_replace(): The /e modifier is deprecated, use preg_replace_callback instead /data/home/qxu1680170013/htdocs/lyc/think_sys/ThinkPHP/Lib/Template/ThinkTemplate.class.php 第 404 行.
NOTIC: [8192] preg_replace(): The /e modifier is deprecated, use preg_replace_callback instead /data/home/qxu1680170013/htdocs/lyc/think_sys/ThinkPHP/Lib/Template/ThinkTemplate.class.php 第 404 行.
NOTIC: [8192] preg_replace(): The /e modifier is deprecated, use preg_replace_callback instead /data/home/qxu1680170013/htdocs/lyc/think_sys/ThinkPHP/Lib/Template/ThinkTemplate.class.php 第 404 行.
NOTIC: [8192] preg_replace(): The /e modifier is deprecated, use preg_replace_callback instead /data/home/qxu1680170013/htdocs/lyc/think_sys/ThinkPHP/Lib/Template/ThinkTemplate.class.php 第 404 行.
NOTIC: [8192] preg_replace(): The /e modifier is deprecated, use preg_replace_callback instead /data/home/qxu1680170013/htdocs/lyc/think_sys/ThinkPHP/Lib/Template/ThinkTemplate.class.php 第 404 行.
NOTIC: [8192] preg_replace(): The /e modifier is deprecated, use preg_replace_callback instead /data/home/qxu1680170013/htdocs/lyc/think_sys/ThinkPHP/Lib/Template/ThinkTemplate.class.php 第 404 行.
NOTIC: [8192] preg_replace(): The /e modifier is deprecated, use preg_replace_callback instead /data/home/qxu1680170013/htdocs/lyc/think_sys/ThinkPHP/Lib/Template/ThinkTemplate.class.php 第 404 行.
NOTIC: [8192] preg_replace(): The /e modifier is deprecated, use preg_replace_callback instead /data/home/qxu1680170013/htdocs/lyc/think_sys/ThinkPHP/Lib/Template/ThinkTemplate.class.php 第 404 行.
NOTIC: [8192] preg_replace(): The /e modifier is deprecated, use preg_replace_callback instead /data/home/qxu1680170013/htdocs/lyc/think_sys/ThinkPHP/Lib/Template/ThinkTemplate.class.php 第 404 行.
NOTIC: [8192] preg_replace(): The /e modifier is deprecated, use preg_replace_callback instead /data/home/qxu1680170013/htdocs/lyc/think_sys/ThinkPHP/Lib/Template/ThinkTemplate.class.php 第 404 行.
NOTIC: [8192] preg_replace(): The /e modifier is deprecated, use preg_replace_callback instead /data/home/qxu1680170013/htdocs/lyc/think_sys/ThinkPHP/Lib/Template/ThinkTemplate.class.php 第 404 行.
NOTIC: [8192] preg_replace(): The /e modifier is deprecated, use preg_replace_callback instead /data/home/qxu1680170013/htdocs/lyc/think_sys/ThinkPHP/Lib/Template/ThinkTemplate.class.php 第 404 行.
NOTIC: [8192] preg_replace(): The /e modifier is deprecated, use preg_replace_callback instead /data/home/qxu1680170013/htdocs/lyc/think_sys/ThinkPHP/Lib/Template/ThinkTemplate.class.php 第 404 行.
NOTIC: [8192] preg_replace(): The /e modifier is deprecated, use preg_replace_callback instead /data/home/qxu1680170013/htdocs/lyc/think_sys/ThinkPHP/Lib/Template/ThinkTemplate.class.php 第 404 行.
NOTIC: [8192] preg_replace(): The /e modifier is deprecated, use preg_replace_callback instead /data/home/qxu1680170013/htdocs/lyc/think_sys/ThinkPHP/Lib/Template/ThinkTemplate.class.php 第 404 行.
NOTIC: [8192] preg_replace(): The /e modifier is deprecated, use preg_replace_callback instead /data/home/qxu1680170013/htdocs/lyc/think_sys/ThinkPHP/Lib/Template/ThinkTemplate.class.php 第 404 行.
NOTIC: [8192] preg_replace(): The /e modifier is deprecated, use preg_replace_callback instead /data/home/qxu1680170013/htdocs/lyc/think_sys/ThinkPHP/Lib/Template/ThinkTemplate.class.php 第 404 行.
NOTIC: [8192] preg_replace(): The /e modifier is deprecated, use preg_replace_callback instead /data/home/qxu1680170013/htdocs/lyc/think_sys/ThinkPHP/Lib/Template/ThinkTemplate.class.php 第 404 行.
NOTIC: [8192] preg_replace(): The /e modifier is deprecated, use preg_replace_callback instead /data/home/qxu1680170013/htdocs/lyc/think_sys/ThinkPHP/Lib/Template/ThinkTemplate.class.php 第 404 行.
NOTIC: [8192] preg_replace(): The /e modifier is deprecated, use preg_replace_callback instead /data/home/qxu1680170013/htdocs/lyc/think_sys/ThinkPHP/Lib/Template/ThinkTemplate.class.php 第 404 行.
NOTIC: [8192] preg_replace(): The /e modifier is deprecated, use preg_replace_callback instead /data/home/qxu1680170013/htdocs/lyc/think_sys/ThinkPHP/Lib/Template/ThinkTemplate.class.php 第 404 行.
NOTIC: [8192] preg_replace(): The /e modifier is deprecated, use preg_replace_callback instead /data/home/qxu1680170013/htdocs/lyc/think_sys/ThinkPHP/Lib/Template/ThinkTemplate.class.php 第 404 行.
NOTIC: [8192] preg_replace(): The /e modifier is deprecated, use preg_replace_callback instead /data/home/qxu1680170013/htdocs/lyc/think_sys/ThinkPHP/Lib/Template/ThinkTemplate.class.php 第 404 行.
NOTIC: [8192] preg_replace(): The /e modifier is deprecated, use preg_replace_callback instead /data/home/qxu1680170013/htdocs/lyc/think_sys/ThinkPHP/Lib/Template/ThinkTemplate.class.php 第 404 行.
NOTIC: [8192] preg_replace(): The /e modifier is deprecated, use preg_replace_callback instead /data/home/qxu1680170013/htdocs/lyc/think_sys/ThinkPHP/Lib/Template/ThinkTemplate.class.php 第 404 行.
NOTIC: [8192] preg_replace(): The /e modifier is deprecated, use preg_replace_callback instead /data/home/qxu1680170013/htdocs/lyc/think_sys/ThinkPHP/Lib/Template/ThinkTemplate.class.php 第 404 行.
NOTIC: [8192] preg_replace(): The /e modifier is deprecated, use preg_replace_callback instead /data/home/qxu1680170013/htdocs/lyc/think_sys/ThinkPHP/Lib/Template/ThinkTemplate.class.php 第 404 行.
NOTIC: [8192] preg_replace(): The /e modifier is deprecated, use preg_replace_callback instead /data/home/qxu1680170013/htdocs/lyc/think_sys/ThinkPHP/Lib/Template/ThinkTemplate.class.php 第 404 行.
NOTIC: [8192] preg_replace(): The /e modifier is deprecated, use preg_replace_callback instead /data/home/qxu1680170013/htdocs/lyc/think_sys/ThinkPHP/Lib/Template/ThinkTemplate.class.php 第 404 行.
NOTIC: [8192] preg_replace(): The /e modifier is deprecated, use preg_replace_callback instead /data/home/qxu1680170013/htdocs/lyc/think_sys/ThinkPHP/Lib/Template/ThinkTemplate.class.php 第 404 行.
NOTIC: [8192] preg_replace(): The /e modifier is deprecated, use preg_replace_callback instead /data/home/qxu1680170013/htdocs/lyc/think_sys/ThinkPHP/Lib/Template/ThinkTemplate.class.php 第 404 行.
NOTIC: [8192] preg_replace(): The /e modifier is deprecated, use preg_replace_callback instead /data/home/qxu1680170013/htdocs/lyc/think_sys/ThinkPHP/Lib/Template/ThinkTemplate.class.php 第 404 行.
NOTIC: [8192] preg_replace(): The /e modifier is deprecated, use preg_replace_callback instead /data/home/qxu1680170013/htdocs/lyc/think_sys/ThinkPHP/Lib/Template/ThinkTemplate.class.php 第 404 行.
NOTIC: [8192] preg_replace(): The /e modifier is deprecated, use preg_replace_callback instead /data/home/qxu1680170013/htdocs/lyc/think_sys/ThinkPHP/Lib/Template/ThinkTemplate.class.php 第 404 行.
NOTIC: [8192] preg_replace(): The /e modifier is deprecated, use preg_replace_callback instead /data/home/qxu1680170013/htdocs/lyc/think_sys/ThinkPHP/Lib/Template/ThinkTemplate.class.php 第 404 行.
NOTIC: [8192] preg_replace(): The /e modifier is deprecated, use preg_replace_callback instead /data/home/qxu1680170013/htdocs/lyc/think_sys/ThinkPHP/Lib/Template/ThinkTemplate.class.php 第 404 行.
NOTIC: [8192] preg_replace(): The /e modifier is deprecated, use preg_replace_callback instead /data/home/qxu1680170013/htdocs/lyc/think_sys/ThinkPHP/Lib/Template/ThinkTemplate.class.php 第 404 行.
NOTIC: [8192] preg_replace(): The /e modifier is deprecated, use preg_replace_callback instead /data/home/qxu1680170013/htdocs/lyc/think_sys/ThinkPHP/Lib/Template/ThinkTemplate.class.php 第 404 行.
NOTIC: [8192] preg_replace(): The /e modifier is deprecated, use preg_replace_callback instead /data/home/qxu1680170013/htdocs/lyc/think_sys/ThinkPHP/Lib/Template/ThinkTemplate.class.php 第 404 行.
NOTIC: [8192] preg_replace(): The /e modifier is deprecated, use preg_replace_callback instead /data/home/qxu1680170013/htdocs/lyc/think_sys/ThinkPHP/Lib/Template/ThinkTemplate.class.php 第 399 行.
NOTIC: [8192] preg_replace(): The /e modifier is deprecated, use preg_replace_callback instead /data/home/qxu1680170013/htdocs/lyc/think_sys/ThinkPHP/Lib/Template/ThinkTemplate.class.php 第 399 行.
NOTIC: [8192] preg_replace(): The /e modifier is deprecated, use preg_replace_callback instead /data/home/qxu1680170013/htdocs/lyc/think_sys/ThinkPHP/Lib/Template/ThinkTemplate.class.php 第 399 行.
NOTIC: [8192] preg_replace(): The /e modifier is deprecated, use preg_replace_callback instead /data/home/qxu1680170013/htdocs/lyc/think_sys/ThinkPHP/Lib/Template/ThinkTemplate.class.php 第 399 行.
NOTIC: [8192] preg_replace(): The /e modifier is deprecated, use preg_replace_callback instead /data/home/qxu1680170013/htdocs/lyc/think_sys/ThinkPHP/Lib/Template/ThinkTemplate.class.php 第 399 行.
NOTIC: [8192] preg_replace(): The /e modifier is deprecated, use preg_replace_callback instead /data/home/qxu1680170013/htdocs/lyc/think_sys/ThinkPHP/Lib/Template/ThinkTemplate.class.php 第 399 行.
NOTIC: [8192] preg_replace(): The /e modifier is deprecated, use preg_replace_callback instead /data/home/qxu1680170013/htdocs/lyc/think_sys/ThinkPHP/Lib/Template/ThinkTemplate.class.php 第 404 行.
NOTIC: [8192] preg_replace(): The /e modifier is deprecated, use preg_replace_callback instead /data/home/qxu1680170013/htdocs/lyc/think_sys/ThinkPHP/Lib/Template/ThinkTemplate.class.php 第 404 行.
NOTIC: [8192] preg_replace(): The /e modifier is deprecated, use preg_replace_callback instead /data/home/qxu1680170013/htdocs/lyc/think_sys/ThinkPHP/Lib/Template/ThinkTemplate.class.php 第 404 行.
NOTIC: [8192] preg_replace(): The /e modifier is deprecated, use preg_replace_callback instead /data/home/qxu1680170013/htdocs/lyc/think_sys/ThinkPHP/Lib/Template/ThinkTemplate.class.php 第 197 行.
NOTIC: [8192] preg_replace(): The /e modifier is deprecated, use preg_replace_callback instead /data/home/qxu1680170013/htdocs/lyc/think_sys/ThinkPHP/Lib/Template/ThinkTemplate.class.php 第 404 行.
NOTIC: [8192] preg_replace(): The /e modifier is deprecated, use preg_replace_callback instead /data/home/qxu1680170013/htdocs/lyc/think_sys/ThinkPHP/Lib/Template/ThinkTemplate.class.php 第 404 行.
NOTIC: [8192] preg_replace(): The /e modifier is deprecated, use preg_replace_callback instead /data/home/qxu1680170013/htdocs/lyc/think_sys/ThinkPHP/Lib/Template/ThinkTemplate.class.php 第 404 行.
NOTIC: [8192] preg_replace(): The /e modifier is deprecated, use preg_replace_callback instead /data/home/qxu1680170013/htdocs/lyc/think_sys/ThinkPHP/Lib/Template/ThinkTemplate.class.php 第 404 行.
NOTIC: [8192] preg_replace(): The /e modifier is deprecated, use preg_replace_callback instead /data/home/qxu1680170013/htdocs/lyc/think_sys/ThinkPHP/Lib/Template/ThinkTemplate.class.php 第 404 行.
NOTIC: [8192] preg_replace(): The /e modifier is deprecated, use preg_replace_callback instead /data/home/qxu1680170013/htdocs/lyc/think_sys/ThinkPHP/Lib/Template/ThinkTemplate.class.php 第 404 行.
NOTIC: [8192] preg_replace(): The /e modifier is deprecated, use preg_replace_callback instead /data/home/qxu1680170013/htdocs/lyc/think_sys/ThinkPHP/Lib/Template/ThinkTemplate.class.php 第 404 行.
NOTIC: [8192] preg_replace(): The /e modifier is deprecated, use preg_replace_callback instead /data/home/qxu1680170013/htdocs/lyc/think_sys/ThinkPHP/Lib/Template/ThinkTemplate.class.php 第 399 行.
NOTIC: [8192] preg_replace(): The /e modifier is deprecated, use preg_replace_callback instead /data/home/qxu1680170013/htdocs/lyc/think_sys/ThinkPHP/Lib/Template/ThinkTemplate.class.php 第 399 行.
NOTIC: [8192] preg_replace(): The /e modifier is deprecated, use preg_replace_callback instead /data/home/qxu1680170013/htdocs/lyc/think_sys/ThinkPHP/Lib/Template/ThinkTemplate.class.php 第 404 行.
NOTIC: [8192] preg_replace(): The /e modifier is deprecated, use preg_replace_callback instead /data/home/qxu1680170013/htdocs/lyc/think_sys/ThinkPHP/Lib/Template/ThinkTemplate.class.php 第 404 行.
NOTIC: [8192] preg_replace(): The /e modifier is deprecated, use preg_replace_callback instead /data/home/qxu1680170013/htdocs/lyc/think_sys/ThinkPHP/Lib/Template/ThinkTemplate.class.php 第 404 行.
NOTIC: [8192] preg_replace(): The /e modifier is deprecated, use preg_replace_callback instead /data/home/qxu1680170013/htdocs/lyc/think_sys/ThinkPHP/Lib/Template/ThinkTemplate.class.php 第 399 行.
NOTIC: [8192] preg_replace(): The /e modifier is deprecated, use preg_replace_callback instead /data/home/qxu1680170013/htdocs/lyc/think_sys/ThinkPHP/Lib/Template/ThinkTemplate.class.php 第 404 行.
NOTIC: [8192] preg_replace(): The /e modifier is deprecated, use preg_replace_callback instead /data/home/qxu1680170013/htdocs/lyc/think_sys/ThinkPHP/Lib/Template/ThinkTemplate.class.php 第 404 行.
NOTIC: [8192] preg_replace(): The /e modifier is deprecated, use preg_replace_callback instead /data/home/qxu1680170013/htdocs/lyc/think_sys/ThinkPHP/Lib/Template/ThinkTemplate.class.php 第 404 行.
NOTIC: [8192] preg_replace(): The /e modifier is deprecated, use preg_replace_callback instead /data/home/qxu1680170013/htdocs/lyc/think_sys/ThinkPHP/Lib/Template/ThinkTemplate.class.php 第 404 行.
NOTIC: [8192] preg_replace(): The /e modifier is deprecated, use preg_replace_callback instead /data/home/qxu1680170013/htdocs/lyc/think_sys/ThinkPHP/Lib/Template/ThinkTemplate.class.php 第 404 行.
NOTIC: [8192] preg_replace(): The /e modifier is deprecated, use preg_replace_callback instead /data/home/qxu1680170013/htdocs/lyc/think_sys/ThinkPHP/Lib/Template/ThinkTemplate.class.php 第 404 行.
NOTIC: [8192] preg_replace(): The /e modifier is deprecated, use preg_replace_callback instead /data/home/qxu1680170013/htdocs/lyc/think_sys/ThinkPHP/Lib/Template/ThinkTemplate.class.php 第 404 行.
NOTIC: [8192] preg_replace(): The /e modifier is deprecated, use preg_replace_callback instead /data/home/qxu1680170013/htdocs/lyc/think_sys/ThinkPHP/Lib/Template/ThinkTemplate.class.php 第 404 行.
NOTIC: [8192] preg_replace(): The /e modifier is deprecated, use preg_replace_callback instead /data/home/qxu1680170013/htdocs/lyc/think_sys/ThinkPHP/Lib/Template/ThinkTemplate.class.php 第 404 行.
NOTIC: [8192] preg_replace(): The /e modifier is deprecated, use preg_replace_callback instead /data/home/qxu1680170013/htdocs/lyc/think_sys/ThinkPHP/Lib/Template/ThinkTemplate.class.php 第 404 行.
NOTIC: [8192] preg_replace(): The /e modifier is deprecated, use preg_replace_callback instead /data/home/qxu1680170013/htdocs/lyc/think_sys/ThinkPHP/Lib/Template/ThinkTemplate.class.php 第 404 行.
NOTIC: [8192] preg_replace(): The /e modifier is deprecated, use preg_replace_callback instead /data/home/qxu1680170013/htdocs/lyc/think_sys/ThinkPHP/Lib/Template/ThinkTemplate.class.php 第 404 行.
NOTIC: [8192] preg_replace(): The /e modifier is deprecated, use preg_replace_callback instead /data/home/qxu1680170013/htdocs/lyc/think_sys/ThinkPHP/Lib/Template/ThinkTemplate.class.php 第 404 行.
NOTIC: [8192] preg_replace(): The /e modifier is deprecated, use preg_replace_callback instead /data/home/qxu1680170013/htdocs/lyc/think_sys/ThinkPHP/Lib/Template/ThinkTemplate.class.php 第 404 行.
NOTIC: [8192] preg_replace(): The /e modifier is deprecated, use preg_replace_callback instead /data/home/qxu1680170013/htdocs/lyc/think_sys/ThinkPHP/Lib/Template/ThinkTemplate.class.php 第 404 行.
NOTIC: [8192] preg_replace(): The /e modifier is deprecated, use preg_replace_callback instead /data/home/qxu1680170013/htdocs/lyc/think_sys/ThinkPHP/Lib/Template/ThinkTemplate.class.php 第 404 行.
NOTIC: [8192] preg_replace(): The /e modifier is deprecated, use preg_replace_callback instead /data/home/qxu1680170013/htdocs/lyc/think_sys/ThinkPHP/Lib/Template/ThinkTemplate.class.php 第 404 行.
NOTIC: [8192] preg_replace(): The /e modifier is deprecated, use preg_replace_callback instead /data/home/qxu1680170013/htdocs/lyc/think_sys/ThinkPHP/Lib/Template/ThinkTemplate.class.php 第 404 行.
NOTIC: [8192] preg_replace(): The /e modifier is deprecated, use preg_replace_callback instead /data/home/qxu1680170013/htdocs/lyc/think_sys/ThinkPHP/Lib/Template/ThinkTemplate.class.php 第 404 行.
NOTIC: [8192] preg_replace(): The /e modifier is deprecated, use preg_replace_callback instead /data/home/qxu1680170013/htdocs/lyc/think_sys/ThinkPHP/Lib/Template/ThinkTemplate.class.php 第 404 行.
NOTIC: [8192] preg_replace(): The /e modifier is deprecated, use preg_replace_callback instead /data/home/qxu1680170013/htdocs/lyc/think_sys/ThinkPHP/Lib/Template/ThinkTemplate.class.php 第 404 行.
NOTIC: [8192] preg_replace(): The /e modifier is deprecated, use preg_replace_callback instead /data/home/qxu1680170013/htdocs/lyc/think_sys/ThinkPHP/Lib/Template/ThinkTemplate.class.php 第 404 行.
NOTIC: [8192] preg_replace(): The /e modifier is deprecated, use preg_replace_callback instead /data/home/qxu1680170013/htdocs/lyc/think_sys/ThinkPHP/Lib/Template/ThinkTemplate.class.php 第 404 行.
NOTIC: [8192] preg_replace(): The /e modifier is deprecated, use preg_replace_callback instead /data/home/qxu1680170013/htdocs/lyc/think_sys/ThinkPHP/Lib/Template/ThinkTemplate.class.php 第 404 行.
NOTIC: [8192] preg_replace(): The /e modifier is deprecated, use preg_replace_callback instead /data/home/qxu1680170013/htdocs/lyc/think_sys/ThinkPHP/Lib/Template/ThinkTemplate.class.php 第 404 行.
NOTIC: [8192] preg_replace(): The /e modifier is deprecated, use preg_replace_callback instead /data/home/qxu1680170013/htdocs/lyc/think_sys/ThinkPHP/Lib/Template/ThinkTemplate.class.php 第 404 行.
NOTIC: [8192] preg_replace(): The /e modifier is deprecated, use preg_replace_callback instead /data/home/qxu1680170013/htdocs/lyc/think_sys/ThinkPHP/Lib/Template/ThinkTemplate.class.php 第 404 行.
NOTIC: [8192] preg_replace(): The /e modifier is deprecated, use preg_replace_callback instead /data/home/qxu1680170013/htdocs/lyc/think_sys/ThinkPHP/Lib/Template/ThinkTemplate.class.php 第 404 行.
NOTIC: [8192] preg_replace(): The /e modifier is deprecated, use preg_replace_callback instead /data/home/qxu1680170013/htdocs/lyc/think_sys/ThinkPHP/Lib/Template/ThinkTemplate.class.php 第 404 行.
NOTIC: [8192] preg_replace(): The /e modifier is deprecated, use preg_replace_callback instead /data/home/qxu1680170013/htdocs/lyc/think_sys/ThinkPHP/Lib/Template/ThinkTemplate.class.php 第 404 行.
NOTIC: [8192] preg_replace(): The /e modifier is deprecated, use preg_replace_callback instead /data/home/qxu1680170013/htdocs/lyc/think_sys/ThinkPHP/Lib/Template/ThinkTemplate.class.php 第 404 行.
NOTIC: [8192] preg_replace(): The /e modifier is deprecated, use preg_replace_callback instead /data/home/qxu1680170013/htdocs/lyc/think_sys/ThinkPHP/Lib/Template/ThinkTemplate.class.php 第 404 行.
NOTIC: [8192] preg_replace(): The /e modifier is deprecated, use preg_replace_callback instead /data/home/qxu1680170013/htdocs/lyc/think_sys/ThinkPHP/Lib/Template/ThinkTemplate.class.php 第 404 行.
NOTIC: [8192] preg_replace(): The /e modifier is deprecated, use preg_replace_callback instead /data/home/qxu1680170013/htdocs/lyc/think_sys/ThinkPHP/Lib/Template/ThinkTemplate.class.php 第 404 行.
NOTIC: [8192] preg_replace(): The /e modifier is deprecated, use preg_replace_callback instead /data/home/qxu1680170013/htdocs/lyc/think_sys/ThinkPHP/Lib/Template/ThinkTemplate.class.php 第 404 行.
NOTIC: [8192] preg_replace(): The /e modifier is deprecated, use preg_replace_callback instead /data/home/qxu1680170013/htdocs/lyc/think_sys/ThinkPHP/Lib/Template/ThinkTemplate.class.php 第 404 行.
NOTIC: [8192] preg_replace(): The /e modifier is deprecated, use preg_replace_callback instead /data/home/qxu1680170013/htdocs/lyc/think_sys/ThinkPHP/Lib/Template/ThinkTemplate.class.php 第 404 行.
NOTIC: [8192] preg_replace(): The /e modifier is deprecated, use preg_replace_callback instead /data/home/qxu1680170013/htdocs/lyc/think_sys/ThinkPHP/Lib/Template/ThinkTemplate.class.php 第 404 行.
NOTIC: [8192] preg_replace(): The /e modifier is deprecated, use preg_replace_callback instead /data/home/qxu1680170013/htdocs/lyc/think_sys/ThinkPHP/Lib/Template/ThinkTemplate.class.php 第 404 行.
NOTIC: [8192] preg_replace(): The /e modifier is deprecated, use preg_replace_callback instead /data/home/qxu1680170013/htdocs/lyc/think_sys/ThinkPHP/Lib/Template/ThinkTemplate.class.php 第 404 行.
NOTIC: [8192] preg_replace(): The /e modifier is deprecated, use preg_replace_callback instead /data/home/qxu1680170013/htdocs/lyc/think_sys/ThinkPHP/Lib/Template/ThinkTemplate.class.php 第 404 行.
NOTIC: [8192] preg_replace(): The /e modifier is deprecated, use preg_replace_callback instead /data/home/qxu1680170013/htdocs/lyc/think_sys/ThinkPHP/Lib/Template/ThinkTemplate.class.php 第 404 行.
NOTIC: [8192] preg_replace(): The /e modifier is deprecated, use preg_replace_callback instead /data/home/qxu1680170013/htdocs/lyc/think_sys/ThinkPHP/Lib/Template/ThinkTemplate.class.php 第 404 行.
NOTIC: [8192] preg_replace(): The /e modifier is deprecated, use preg_replace_callback instead /data/home/qxu1680170013/htdocs/lyc/think_sys/ThinkPHP/Lib/Template/ThinkTemplate.class.php 第 404 行.
NOTIC: [8192] preg_replace(): The /e modifier is deprecated, use preg_replace_callback instead /data/home/qxu1680170013/htdocs/lyc/think_sys/ThinkPHP/Lib/Template/ThinkTemplate.class.php 第 404 行.
NOTIC: [8192] preg_replace(): The /e modifier is deprecated, use preg_replace_callback instead /data/home/qxu1680170013/htdocs/lyc/think_sys/ThinkPHP/Lib/Template/ThinkTemplate.class.php 第 404 行.
NOTIC: [8192] preg_replace(): The /e modifier is deprecated, use preg_replace_callback instead /data/home/qxu1680170013/htdocs/lyc/think_sys/ThinkPHP/Lib/Template/ThinkTemplate.class.php 第 404 行.
NOTIC: [8192] preg_replace(): The /e modifier is deprecated, use preg_replace_callback instead /data/home/qxu1680170013/htdocs/lyc/think_sys/ThinkPHP/Lib/Template/ThinkTemplate.class.php 第 404 行.
NOTIC: [8192] preg_replace(): The /e modifier is deprecated, use preg_replace_callback instead /data/home/qxu1680170013/htdocs/lyc/think_sys/ThinkPHP/Lib/Template/ThinkTemplate.class.php 第 404 行.
NOTIC: [8192] preg_replace(): The /e modifier is deprecated, use preg_replace_callback instead /data/home/qxu1680170013/htdocs/lyc/think_sys/ThinkPHP/Lib/Template/ThinkTemplate.class.php 第 404 行.
NOTIC: [8192] preg_replace(): The /e modifier is deprecated, use preg_replace_callback instead /data/home/qxu1680170013/htdocs/lyc/think_sys/ThinkPHP/Lib/Template/ThinkTemplate.class.php 第 404 行.
NOTIC: [8192] preg_replace(): The /e modifier is deprecated, use preg_replace_callback instead /data/home/qxu1680170013/htdocs/lyc/think_sys/ThinkPHP/Lib/Template/ThinkTemplate.class.php 第 404 行.
NOTIC: [8192] preg_replace(): The /e modifier is deprecated, use preg_replace_callback instead /data/home/qxu1680170013/htdocs/lyc/think_sys/ThinkPHP/Lib/Template/ThinkTemplate.class.php 第 404 行.
NOTIC: [8192] preg_replace(): The /e modifier is deprecated, use preg_replace_callback instead /data/home/qxu1680170013/htdocs/lyc/think_sys/ThinkPHP/Lib/Template/ThinkTemplate.class.php 第 404 行.
NOTIC: [8192] preg_replace(): The /e modifier is deprecated, use preg_replace_callback instead /data/home/qxu1680170013/htdocs/lyc/think_sys/ThinkPHP/Lib/Template/ThinkTemplate.class.php 第 404 行.
NOTIC: [8192] preg_replace(): The /e modifier is deprecated, use preg_replace_callback instead /data/home/qxu1680170013/htdocs/lyc/think_sys/ThinkPHP/Lib/Template/ThinkTemplate.class.php 第 404 行.
NOTIC: [8192] preg_replace(): The /e modifier is deprecated, use preg_replace_callback instead /data/home/qxu1680170013/htdocs/lyc/think_sys/ThinkPHP/Lib/Template/ThinkTemplate.class.php 第 404 行.
NOTIC: [8192] preg_replace(): The /e modifier is deprecated, use preg_replace_callback instead /data/home/qxu1680170013/htdocs/lyc/think_sys/ThinkPHP/Lib/Template/ThinkTemplate.class.php 第 404 行.
NOTIC: [8192] preg_replace(): The /e modifier is deprecated, use preg_replace_callback instead /data/home/qxu1680170013/htdocs/lyc/think_sys/ThinkPHP/Lib/Template/ThinkTemplate.class.php 第 404 行.
NOTIC: [8192] preg_replace(): The /e modifier is deprecated, use preg_replace_callback instead /data/home/qxu1680170013/htdocs/lyc/think_sys/ThinkPHP/Lib/Template/ThinkTemplate.class.php 第 404 行.
NOTIC: [8192] preg_replace(): The /e modifier is deprecated, use preg_replace_callback instead /data/home/qxu1680170013/htdocs/lyc/think_sys/ThinkPHP/Lib/Template/ThinkTemplate.class.php 第 404 行.
NOTIC: [8192] preg_replace(): The /e modifier is deprecated, use preg_replace_callback instead /data/home/qxu1680170013/htdocs/lyc/think_sys/ThinkPHP/Lib/Template/ThinkTemplate.class.php 第 404 行.
NOTIC: [8192] preg_replace(): The /e modifier is deprecated, use preg_replace_callback instead /data/home/qxu1680170013/htdocs/lyc/think_sys/ThinkPHP/Lib/Template/ThinkTemplate.class.php 第 404 行.
NOTIC: [8192] preg_replace(): The /e modifier is deprecated, use preg_replace_callback instead /data/home/qxu1680170013/htdocs/lyc/think_sys/ThinkPHP/Lib/Template/ThinkTemplate.class.php 第 404 行.
NOTIC: [8192] preg_replace(): The /e modifier is deprecated, use preg_replace_callback instead /data/home/qxu1680170013/htdocs/lyc/think_sys/ThinkPHP/Lib/Template/ThinkTemplate.class.php 第 404 行.
NOTIC: [8192] preg_replace(): The /e modifier is deprecated, use preg_replace_callback instead /data/home/qxu1680170013/htdocs/lyc/think_sys/ThinkPHP/Lib/Template/ThinkTemplate.class.php 第 404 行.
NOTIC: [8192] preg_replace(): The /e modifier is deprecated, use preg_replace_callback instead /data/home/qxu1680170013/htdocs/lyc/think_sys/ThinkPHP/Lib/Template/ThinkTemplate.class.php 第 399 行.
NOTIC: [8192] preg_replace(): The /e modifier is deprecated, use preg_replace_callback instead /data/home/qxu1680170013/htdocs/lyc/think_sys/ThinkPHP/Lib/Template/ThinkTemplate.class.php 第 399 行.
NOTIC: [8192] preg_replace(): The /e modifier is deprecated, use preg_replace_callback instead /data/home/qxu1680170013/htdocs/lyc/think_sys/ThinkPHP/Lib/Template/ThinkTemplate.class.php 第 399 行.
NOTIC: [8192] preg_replace(): The /e modifier is deprecated, use preg_replace_callback instead /data/home/qxu1680170013/htdocs/lyc/think_sys/ThinkPHP/Lib/Template/ThinkTemplate.class.php 第 399 行.
NOTIC: [8192] preg_replace(): The /e modifier is deprecated, use preg_replace_callback instead /data/home/qxu1680170013/htdocs/lyc/think_sys/ThinkPHP/Lib/Template/ThinkTemplate.class.php 第 399 行.
NOTIC: [8192] preg_replace(): The /e modifier is deprecated, use preg_replace_callback instead /data/home/qxu1680170013/htdocs/lyc/think_sys/ThinkPHP/Lib/Template/ThinkTemplate.class.php 第 399 行.
NOTIC: [8192] preg_replace(): The /e modifier is deprecated, use preg_replace_callback instead /data/home/qxu1680170013/htdocs/lyc/think_sys/ThinkPHP/Lib/Template/ThinkTemplate.class.php 第 404 行.
NOTIC: [8192] preg_replace(): The /e modifier is deprecated, use preg_replace_callback instead /data/home/qxu1680170013/htdocs/lyc/think_sys/ThinkPHP/Lib/Template/ThinkTemplate.class.php 第 404 行.
NOTIC: [8192] preg_replace(): The /e modifier is deprecated, use preg_replace_callback instead /data/home/qxu1680170013/htdocs/lyc/think_sys/ThinkPHP/Lib/Template/ThinkTemplate.class.php 第 404 行.
NOTIC: [8192] preg_replace(): The /e modifier is deprecated, use preg_replace_callback instead /data/home/qxu1680170013/htdocs/lyc/think_sys/ThinkPHP/Lib/Template/ThinkTemplate.class.php 第 197 行.
NOTIC: [8192] preg_replace(): The /e modifier is deprecated, use preg_replace_callback instead /data/home/qxu1680170013/htdocs/lyc/think_sys/ThinkPHP/Lib/Template/ThinkTemplate.class.php 第 137 行.
INFO: Run ParseTemplate Behavior [ RunTime:0.043983s ]
INFO: [ view_parse ] --END-- [ RunTime:0.044052s ]
INFO: [ view_filter ] --START--
INFO: Run ContentReplace Behavior [ RunTime:0.002543s ]
INFO: Run TokenBuild Behavior [ RunTime:0.014017s ]
INFO: Run WriteHtmlCache Behavior [ RunTime:0.001182s ]
INFO: Run ShowRuntime Behavior [ RunTime:0.001162s ]
INFO: [ view_filter ] --END-- [ RunTime:0.019101s ]
INFO: [ view_end ] --START--
INFO: Run ShowPageTrace Behavior [ RunTime:0.001558s ]
INFO: [ view_end ] --END-- [ RunTime:0.001626s ]

