[ 2016-03-11T20:23:11+08:00 ] ERR: (ThinkException) Too many connections
[ 2016-03-11T20:23:11+08:00 ] 121.79.144.190 /lyc/think_sys/
INFO: [ app_begin ] --START--
INFO: Run ReadHtmlCache Behavior [ RunTime:0.006475s ]
INFO: [ app_begin ] --END-- [ RunTime:0.006610s ]
NOTIC: [8192] mysql_connect(): The mysql extension is deprecated and will be removed in the future: use mysqli or PDO instead /data/home/qxu1680170013/htdocs/lyc/think_sys/ThinkPHP/Lib/Driver/Db/DbMysql.class.php 第 55 行.
NOTIC: [2] mysql_connect(): Too many connections /data/home/qxu1680170013/htdocs/lyc/think_sys/ThinkPHP/Lib/Driver/Db/DbMysql.class.php 第 55 行.
NOTIC: [8] Undefined index: class /data/home/qxu1680170013/htdocs/lyc/think_sys/ThinkPHP/Lib/Core/ThinkException.class.php 第 63 行.
NOTIC: [8] Undefined index: type /data/home/qxu1680170013/htdocs/lyc/think_sys/ThinkPHP/Lib/Core/ThinkException.class.php 第 63 行.
NOTIC: [8] Undefined index: file /data/home/qxu1680170013/htdocs/lyc/think_sys/ThinkPHP/Lib/Core/ThinkException.class.php 第 62 行.
NOTIC: [8] Undefined index: line /data/home/qxu1680170013/htdocs/lyc/think_sys/ThinkPHP/Lib/Core/ThinkException.class.php 第 62 行.
NOTIC: [4096] Object of class IndexAction could not be converted to string /data/home/qxu1680170013/htdocs/lyc/think_sys/ThinkPHP/Lib/Core/ThinkException.class.php 第 64 行.
NOTIC: [8] Undefined index: class /data/home/qxu1680170013/htdocs/lyc/think_sys/ThinkPHP/Lib/Core/ThinkException.class.php 第 63 行.
NOTIC: [8] Undefined index: type /data/home/qxu1680170013/htdocs/lyc/think_sys/ThinkPHP/Lib/Core/ThinkException.class.php 第 63 行.
NOTIC: [8] Undefined index: class /data/home/qxu1680170013/htdocs/lyc/think_sys/ThinkPHP/Lib/Core/ThinkException.class.php 第 63 行.
NOTIC: [8] Undefined index: type /data/home/qxu1680170013/htdocs/lyc/think_sys/ThinkPHP/Lib/Core/ThinkException.class.php 第 63 行.

[ 2016-03-11T20:23:33+08:00 ] ERR: (ThinkException) Too many connections
[ 2016-03-11T20:23:33+08:00 ] 121.79.144.190 /lyc/think_sys/
INFO: [ app_begin ] --START--
INFO: Run ReadHtmlCache Behavior [ RunTime:0.000608s ]
INFO: [ app_begin ] --END-- [ RunTime:0.000770s ]
NOTIC: [8192] mysql_connect(): The mysql extension is deprecated and will be removed in the future: use mysqli or PDO instead /data/home/qxu1680170013/htdocs/lyc/think_sys/ThinkPHP/Lib/Driver/Db/DbMysql.class.php 第 55 行.
NOTIC: [2] mysql_connect(): Too many connections /data/home/qxu1680170013/htdocs/lyc/think_sys/ThinkPHP/Lib/Driver/Db/DbMysql.class.php 第 55 行.
NOTIC: [8] Undefined index: class /data/home/qxu1680170013/htdocs/lyc/think_sys/ThinkPHP/Lib/Core/ThinkException.class.php 第 63 行.
NOTIC: [8] Undefined index: type /data/home/qxu1680170013/htdocs/lyc/think_sys/ThinkPHP/Lib/Core/ThinkException.class.php 第 63 行.
NOTIC: [8] Undefined index: file /data/home/qxu1680170013/htdocs/lyc/think_sys/ThinkPHP/Lib/Core/ThinkException.class.php 第 62 行.
NOTIC: [8] Undefined index: line /data/home/qxu1680170013/htdocs/lyc/think_sys/ThinkPHP/Lib/Core/ThinkException.class.php 第 62 行.
NOTIC: [4096] Object of class IndexAction could not be converted to string /data/home/qxu1680170013/htdocs/lyc/think_sys/ThinkPHP/Lib/Core/ThinkException.class.php 第 64 行.
NOTIC: [8] Undefined index: class /data/home/qxu1680170013/htdocs/lyc/think_sys/ThinkPHP/Lib/Core/ThinkException.class.php 第 63 行.
NOTIC: [8] Undefined index: type /data/home/qxu1680170013/htdocs/lyc/think_sys/ThinkPHP/Lib/Core/ThinkException.class.php 第 63 行.
NOTIC: [8] Undefined index: class /data/home/qxu1680170013/htdocs/lyc/think_sys/ThinkPHP/Lib/Core/ThinkException.class.php 第 63 行.
NOTIC: [8] Undefined index: type /data/home/qxu1680170013/htdocs/lyc/think_sys/ThinkPHP/Lib/Core/ThinkException.class.php 第 63 行.

